0 info it worked if it ends with ok
1 verbose cli [ '/usr/bin/node', '/usr/bin/npm', 'shrinkwrap' ]
2 info using npm@3.7.3
3 info using node@v5.9.0
4 warn shrinkwrap Excluding devDependency: video.js@5.8.0 { autosize: '^3.0.14',
4 warn shrinkwrap   bootstrap: '^3.3.5',
4 warn shrinkwrap   'bootstrap-sass': '^3.0.0',
4 warn shrinkwrap   dropzone: '^4.2.0',
4 warn shrinkwrap   'font-awesome': '^4.4.0',
4 warn shrinkwrap   icheck: '^1.0.2',
4 warn shrinkwrap   jquery: '^2.1.4',
4 warn shrinkwrap   'jquery-ui': '^1.10.5',
4 warn shrinkwrap   'js-cookie': '^2.0.4',
4 warn shrinkwrap   'laravel-elixir': '^3.0.0',
4 warn shrinkwrap   moment: '^2.10.6',
4 warn shrinkwrap   sweetalert: '^1.1.3',
4 warn shrinkwrap   underscore: '^1.8.3' }
5 verbose stack Error: Problems were encountered
5 verbose stack Please correct and try again.
5 verbose stack peer invalid: babel-runtime@^5.8.25, required by vueify@5.0.4
5 verbose stack peer invalid: vue-hot-reload-api@^1.2.0, required by vueify@5.0.4
5 verbose stack peer invalid: vueify-insert-css@^1.0.0, required by vueify@5.0.4
5 verbose stack     at shrinkwrap_ (/usr/lib/node_modules/npm/lib/shrinkwrap.js:101:15)
5 verbose stack     at /usr/lib/node_modules/npm/lib/shrinkwrap.js:36:5
5 verbose stack     at /usr/lib/node_modules/npm/node_modules/iferr/index.js:13:50
5 verbose stack     at /usr/lib/node_modules/npm/lib/install/deps.js:121:5
5 verbose stack     at LOOP (/usr/lib/node_modules/npm/node_modules/slide/lib/chain.js:7:26)
5 verbose stack     at /usr/lib/node_modules/npm/node_modules/slide/lib/chain.js:18:7
5 verbose stack     at cb (/usr/lib/node_modules/npm/node_modules/slide/lib/async-map.js:47:24)
5 verbose stack     at /usr/lib/node_modules/npm/lib/install/deps.js:121:5
5 verbose stack     at LOOP (/usr/lib/node_modules/npm/node_modules/slide/lib/chain.js:7:26)
5 verbose stack     at /usr/lib/node_modules/npm/node_modules/slide/lib/chain.js:18:7
6 verbose cwd /home/comroadscom/public_html/comroads
7 error Linux 2.6.32-573.18.1.el6.x86_64
8 error argv "/usr/bin/node" "/usr/bin/npm" "shrinkwrap"
9 error node v5.9.0
10 error npm  v3.7.3
11 error Problems were encountered
11 error Please correct and try again.
11 error peer invalid: babel-runtime@^5.8.25, required by vueify@5.0.4
11 error peer invalid: vue-hot-reload-api@^1.2.0, required by vueify@5.0.4
11 error peer invalid: vueify-insert-css@^1.0.0, required by vueify@5.0.4
12 error If you need help, you may report this error at:
12 error     <https://github.com/npm/npm/issues>
13 verbose exit [ 1, true ]
